#
# A fatal error has been detected by the Java Runtime Environment:
#
#  SIGSEGV (0xb) at pc=0x00007fff88ac24dd, pid=38494, tid=0x0000000000000a0b
#
# JRE version: Java(TM) SE Runtime Environment (8.0_111-b14) (build 1.8.0_111-b14)
# Java VM: Java HotSpot(TM) 64-Bit Server VM (25.111-b14 mixed mode bsd-amd64 compressed oops)
# Problematic frame:
# C  [libobjc.A.dylib+0x14dd]  objc_msgSend+0x1d
#
# Failed to write core dump. Core dumps have been disabled. To enable core dumping, try "ulimit -c unlimited" before starting Java again
#
# If you would like to submit a bug report, please visit:
#   http://bugreport.java.com/bugreport/crash.jsp
# The crash happened outside the Java Virtual Machine in native code.
# See problematic frame for where to report the bug.
#

---------------  T H R E A D  ---------------

Current thread (0x00007fb503188800):  JavaThread "JavaFX Application Thread" [_thread_in_native, id=2571, stack(0x00007fff5b8bc000,0x00007fff5c0bc000)]

siginfo: si_signo: 11 (SIGSEGV), si_code: 1 (SEGV_MAPERR), si_addr: 0x0000000000000018

Registers:
RAX=0x0000000026c81b01, RBX=0x00007fb505540940, RCX=0x0033c60000000000, RDX=0x0000000126c7b7d8
RSP=0x00007fff5c0b5198, RBP=0x00007fff5c0b51b0, RSI=0x00007fff8ad0b735, RDI=0x00007fb505481100
R8 =0x00000000fffffffc, R9 =0x0000000126c7b7d0, R10=0x00007fff8ad0b735, R11=0x0000000000000000
R12=0x0000000126c81b56, R13=0x00007fff5c0b53c8, R14=0x00007fff88ac24c0, R15=0x00007fb502ddc890
RIP=0x00007fff88ac24dd, EFLAGS=0x0000000000010246, ERR=0x0000000000000004
  TRAPNO=0x000000000000000e

Top of Stack: (sp=0x00007fff5c0b5198)
0x00007fff5c0b5198:   000000011ffb9e54 00007fb505227b40
0x00007fff5c0b51a8:   000000011ff893b0 00007fff5c0b51e0
0x00007fff5c0b51b8:   000000011ff89590 00007fff5c0b51e0
0x00007fff5c0b51c8:   00007fb5051814a8 00007fff5c0b51f0
0x00007fff5c0b51d8:   0000000124f5a928 00007fff5c0b52a0
0x00007fff5c0b51e8:   0000000121219a59 000000001682b040
0x00007fff5c0b51f8:   00007fb502d044c0 0001f0cb00000000
0x00007fff5c0b5208:   00007fff5c0b6dd0 0000000103b63400
0x00007fff5c0b5218:   0000000000000000 00007fb505570170
0x00007fff5c0b5228:   000000011ff89423 0000000100000012
0x00007fff5c0b5238:   000000001682b040 0000000000000000
0x00007fff5c0b5248:   0000000000000001 0000000103b63400
0x00007fff5c0b5258:   00007fb502c00000 0000000103b63400
0x00007fff5c0b5268:   00007fb505200000 5100059454cd3ea2
0x00007fff5c0b5278:   0000000124e8e3bb 00007fb502ddc868
0x00007fff5c0b5288:   00007fb502ddc760 00007fff5c0b53c8
0x00007fff5c0b5298:   0000000126cab1cc 00007fff5c0b5350
0x00007fff5c0b52a8:   000000012123cf58 00007fff5c0b5350
0x00007fff5c0b52b8:   0000000000000000 00007fb500000011
0x00007fff5c0b52c8:   00007fb505226660 0000000000000269
0x00007fff5c0b52d8:   0000000124e8e3bb 00007fb505200000
0x00007fff5c0b52e8:   00007fb505226660 00007fb5052fc080
0x00007fff5c0b52f8:   0000000103b5f000 0000000103b62a00
0x00007fff5c0b5308:   00007fb505619c30 00007fb505600000
0x00007fff5c0b5318:   0000000103b5f000 5100059454cd3ea2
0x00007fff5c0b5328:   00007fb502ddc760 00007fb502de4210
0x00007fff5c0b5338:   00007fff5c0b53c8 00007fff5c0b53c8
0x00007fff5c0b5348:   2492492492492493 00007fff5c0b5370
0x00007fff5c0b5358:   000000012123d25c 00007fb502ddc760
0x00007fff5c0b5368:   00007fff5c0b5410 00007fff5c0b54a0
0x00007fff5c0b5378:   000000012123d603 00007fff5c0b54b0
0x00007fff5c0b5388:   00007fb502ddc760 00007fff5c0b54a0 

Instructions: (pc=0x00007fff88ac24dd)
0x00007fff88ac24bd:   44 00 00 48 85 ff 2e 74 62 40 f6 c7 01 2e 75 66
0x00007fff88ac24cd:   49 bb f8 ff ff ff ff 7f 00 00 4c 23 1f 49 89 f2
0x00007fff88ac24dd:   45 23 53 18 49 c1 e2 04 4d 03 53 10 49 3b 32 75
0x00007fff88ac24ed:   04 41 ff 62 08 49 83 3a 01 76 0d 49 83 c2 10 49 

Register to memory mapping:

RAX=0x0000000026c81b01 is an unknown value
RBX=0x00007fb505540940 is an unknown value
RCX=0x0033c60000000000 is an unknown value
RDX=0x0000000126c7b7d8: _ZN7content12_GLOBAL__N_19g_globalsE+0x28 in /var/folders/xm/xqg__v0s0l785tl2_j7dv_yr0000gn/T/jxbrowser-chromium-55.0.2883.87.6.14/jxbrowser-chromium.app/Contents/Frameworks/JxBrowser.framework/Libraries/libjxbrowser-chromium.dylib at 0x000000011ff11000
RSP=0x00007fff5c0b5198 is pointing into the stack for thread: 0x00007fb503188800
RBP=0x00007fff5c0b51b0 is pointing into the stack for thread: 0x00007fb503188800
RSI=0x00007fff8ad0b735: -[NSTitlebarContainerView transparent]+0xbf73 in /System/Library/Frameworks/AppKit.framework/Versions/C/AppKit at 0x00007fff8a2d5000
RDI=0x00007fb505481100 is an unknown value
R8 =0x00000000fffffffc is an unknown value
R9 =0x0000000126c7b7d0: _ZN7content12_GLOBAL__N_19g_globalsE+0x20 in /var/folders/xm/xqg__v0s0l785tl2_j7dv_yr0000gn/T/jxbrowser-chromium-55.0.2883.87.6.14/jxbrowser-chromium.app/Contents/Frameworks/JxBrowser.framework/Libraries/libjxbrowser-chromium.dylib at 0x000000011ff11000
R10=0x00007fff8ad0b735: -[NSTitlebarContainerView transparent]+0xbf73 in /System/Library/Frameworks/AppKit.framework/Versions/C/AppKit at 0x00007fff8a2d5000
R11=0x0000000000000000 is an unknown value
R12=0x0000000126c81b56: _ZN4base11trace_event12_GLOBAL__N_124g_category_group_enabledE+0x6 in /var/folders/xm/xqg__v0s0l785tl2_j7dv_yr0000gn/T/jxbrowser-chromium-55.0.2883.87.6.14/jxbrowser-chromium.app/Contents/Frameworks/JxBrowser.framework/Libraries/libjxbrowser-chromium.dylib at 0x000000011ff11000
R13=0x00007fff5c0b53c8 is pointing into the stack for thread: 0x00007fb503188800
R14=0x00007fff88ac24c0: objc_msgSend+0 in /usr/lib/libobjc.A.dylib at 0x00007fff88ac1000
R15=0x00007fb502ddc890 is an unknown value


Stack: [0x00007fff5b8bc000,0x00007fff5c0bc000],  sp=0x00007fff5c0b5198,  free space=8164k
Native frames: (J=compiled Java code, j=interpreted, Vv=VM code, C=native code)
C  [libobjc.A.dylib+0x14dd]  objc_msgSend+0x1d
C  [libjxbrowser-chromium.dylib+0x78590]  _ZN4base8internal13FunctorTraitsIPFv13scoped_refptrIN3jxb3ipc14CommandContextEEbEvE6InvokeIJRKS6_RKbEEEvS8_DpOT_+0x30
C  [libjxbrowser-chromium.dylib+0x1308a59]  _ZN4base5debug13TaskAnnotator7RunTaskEPKcRKNS_11PendingTaskE+0xc9
C  [libjxbrowser-chromium.dylib+0x132bf58]  _ZN4base11MessageLoop7RunTaskERKNS_11PendingTaskE+0x1d8
C  [libjxbrowser-chromium.dylib+0x132c25c]  _ZN4base11MessageLoop21DeferOrRunPendingTaskENS_11PendingTaskE+0x2c
C  [libjxbrowser-chromium.dylib+0x132c603]  _ZN4base11MessageLoop6DoWorkEv+0x173
C  [libjxbrowser-chromium.dylib+0x132e74d]  _ZN4base24MessagePumpCFRunLoopBase7RunWorkEv+0x2d
C  [libjxbrowser-chromium.dylib+0x1321cda]  _ZN4base3mac15CallWithEHFrameEU13block_pointerFvvE+0xa
C  [libjxbrowser-chromium.dylib+0x132e164]  _ZN4base24MessagePumpCFRunLoopBase13RunWorkSourceEPv+0x44
C  [CoreFoundation+0xaa7e1]  __CFRUNLOOP_IS_CALLING_OUT_TO_A_SOURCE0_PERFORM_FUNCTION__+0x11
C  [CoreFoundation+0x89f1c]  __CFRunLoopDoSources0+0x22c
C  [CoreFoundation+0x8943f]  __CFRunLoopRun+0x39f
C  [CoreFoundation+0x88e38]  CFRunLoopRunSpecific+0x128
C  [HIToolbox+0x30935]  RunCurrentEventLoopInMode+0xeb
C  [HIToolbox+0x3076f]  ReceiveNextEventCommon+0x1b0
C  [HIToolbox+0x305af]  _BlockUntilNextEventMatchingListInModeWithFilter+0x47
C  [AppKit+0x48df6]  _DPSNextEvent+0x42b
C  [AppKit+0x48226]  -[NSApplication _nextEventMatchingEventMask:untilDate:inMode:dequeue:]+0x1c6
C  [libjxbrowser-chromium.dylib+0x132ef50]  _ZN4base24MessagePumpNSApplication5DoRunEPNS_11MessagePump8DelegateE+0x100
C  [libjxbrowser-chromium.dylib+0x132e5ac]  _ZN4base24MessagePumpCFRunLoopBase3RunEPNS_11MessagePump8DelegateE+0x5c
C  [libjxbrowser-chromium.dylib+0x13469c1]  _ZN4base7RunLoop3RunEv+0x71
C  [libjxbrowser-chromium.dylib+0x14a5d]  _ZN3jxb18BrowserMessageLoop14RunMessageLoopEv+0x1d
C  [libjxbrowser-chromium.dylib+0x319b3]  jxb_main+0x83
C  [libjxbrowser-common64-382518f1-f86c-4b38-b697-ee08a94a7876.dylib+0x1f31]  +[StartIPCTask runTask:]+0x221
C  [Foundation+0x76fde]  __NSThreadPerformPerform+0x117
C  [CoreFoundation+0xaa7e1]  __CFRUNLOOP_IS_CALLING_OUT_TO_A_SOURCE0_PERFORM_FUNCTION__+0x11
C  [CoreFoundation+0x89f1c]  __CFRunLoopDoSources0+0x22c
C  [CoreFoundation+0x8943f]  __CFRunLoopRun+0x39f
C  [CoreFoundation+0x88e38]  CFRunLoopRunSpecific+0x128
C  [HIToolbox+0x30935]  RunCurrentEventLoopInMode+0xeb
C  [HIToolbox+0x3076f]  ReceiveNextEventCommon+0x1b0
C  [HIToolbox+0x305af]  _BlockUntilNextEventMatchingListInModeWithFilter+0x47
C  [AppKit+0x48df6]  _DPSNextEvent+0x42b
C  [AppKit+0x48226]  -[NSApplication _nextEventMatchingEventMask:untilDate:inMode:dequeue:]+0x1c6
C  [AppKit+0x3cd80]  -[NSApplication run]+0x2aa
C  [libglass.dylib+0x654c]  -[GlassApplication runLoop:]+0x72c
C  [Foundation+0x76fde]  __NSThreadPerformPerform+0x117
C  [CoreFoundation+0xaa7e1]  __CFRUNLOOP_IS_CALLING_OUT_TO_A_SOURCE0_PERFORM_FUNCTION__+0x11
C  [CoreFoundation+0x89f1c]  __CFRunLoopDoSources0+0x22c
C  [CoreFoundation+0x8943f]  __CFRunLoopRun+0x39f
C  [CoreFoundation+0x88e38]  CFRunLoopRunSpecific+0x128
C  [java+0x6465]  CreateExecutionEnvironment+0x367
C  [java+0x218c]  JLI_Launch+0x7a0
C  [java+0x84c2]  main+0x65
C  [java+0x19e4]  start+0x34
C  0x0000000000000007


---------------  P R O C E S S  ---------------

Java Threads: ( => current thread )
  0x00007fb50369e000 JavaThread "IPC Sync Events Thread" [_thread_blocked, id=121943, stack(0x000070000cfa3000,0x000070000d0a3000)]
  0x00007fb503af0000 JavaThread "RMI Scheduler(0)" daemon [_thread_blocked, id=12807, stack(0x000070000072c000,0x000070000082c000)]
  0x00007fb503446800 JavaThread "GC Daemon" daemon [_thread_blocked, id=125443, stack(0x000070000b697000,0x000070000b797000)]
  0x00007fb503a97800 JavaThread "RMI Reaper" [_thread_blocked, id=124931, stack(0x000070000b594000,0x000070000b694000)]
  0x00007fb505810000 JavaThread "RMI TCP Accept-0" daemon [_thread_in_native, id=124419, stack(0x000070000b491000,0x000070000b591000)]
  0x00007fb503213800 JavaThread "Disposer" daemon [_thread_blocked, id=123395, stack(0x000070000b38e000,0x000070000b48e000)]
  0x00007fb503c2d800 JavaThread "Prism Font Disposer" daemon [_thread_blocked, id=120323, stack(0x000070000afff000,0x000070000b0ff000)]
  0x00007fb503319800 JavaThread "pool-3-thread-2" [_thread_blocked, id=119299, stack(0x000070000aefc000,0x000070000affc000)]
  0x00007fb5032c9000 JavaThread "pool-3-thread-1" [_thread_blocked, id=118835, stack(0x000070000adf9000,0x000070000aef9000)]
  0x00007fb5032bd000 JavaThread "Browser Events Thread" [_thread_blocked, id=117763, stack(0x000070000abf3000,0x000070000acf3000)]
  0x00007fb5032c6000 JavaThread "Memory Writer SocketInfo{cid=0, bid=0, channelType=Render}" [_thread_blocked, id=116751, stack(0x000070000a9ed000,0x000070000aaed000)]
  0x00007fb5032c5000 JavaThread "Socket Connection Checker SocketInfo{cid=0, bid=0, channelType=Render}" [_thread_in_native, id=111627, stack(0x000070000a8ea000,0x000070000a9ea000)]
  0x00007fb5032c4800 JavaThread "IPC Memory Reader Thread" [_thread_in_native, id=104463, stack(0x0000700009ede000,0x0000700009f5e000)]
  0x00007fb503a75000 JavaThread "IPC Async Events Thread" [_thread_blocked, id=108555, stack(0x0000700009fe4000,0x000070000a0e4000)]
  0x00007fb503110800 JavaThread "Memory Writer SocketInfo{cid=0, bid=0, channelType=Browser}" [_thread_blocked, id=87555, stack(0x0000700009ddb000,0x0000700009edb000)]
  0x00007fb50310f800 JavaThread "Socket Connection Checker SocketInfo{cid=0, bid=0, channelType=Browser}" [_thread_in_native, id=87043, stack(0x0000700009cd8000,0x0000700009dd8000)]
  0x00007fb503108000 JavaThread "IPC Memory Reader Thread" [_thread_in_native, id=86275, stack(0x0000700009bd2000,0x0000700009c52000)]
  0x00007fb5039a3800 JavaThread "IPC Async Events Thread" [_thread_blocked, id=81715, stack(0x0000700008a46000,0x0000700008b46000)]
  0x00007fb50331d000 JavaThread "Memory Writer SocketInfo{cid=0, bid=-1, channelType=Main}" [_thread_blocked, id=79363, stack(0x0000700008918000,0x0000700008a18000)]
  0x00007fb50399e800 JavaThread "Socket Connection Checker SocketInfo{cid=0, bid=-1, channelType=Main}" [_thread_in_native, id=78603, stack(0x0000700008815000,0x0000700008915000)]
  0x00007fb5032ac800 JavaThread "IPC Memory Reader Thread" [_thread_in_native, id=77827, stack(0x000070000870f000,0x000070000878f000)]
  0x00007fb503b4a000 JavaThread "IPC Process Thread" daemon [_thread_in_native, id=52739, stack(0x00007000014dc000,0x00007000015dc000)]
  0x00007fb5034c6000 JavaThread "IPC Server Thread" daemon [_thread_in_native, id=52507, stack(0x00007000013d9000,0x00007000014d9000)]
  0x00007fb5034a5000 JavaThread "Timer-0" daemon [_thread_blocked, id=44047, stack(0x00007000012d6000,0x00007000013d6000)]
  0x00007fb503266800 JavaThread "JavaFX-Launcher" [_thread_blocked, id=49939, stack(0x00007000011d3000,0x00007000012d3000)]
  0x00007fb503132000 JavaThread "Thread-3" daemon [_thread_in_native, id=36099, stack(0x00007000010cd000,0x000070000114d000)]
=>0x00007fb503188800 JavaThread "JavaFX Application Thread" [_thread_in_native, id=2571, stack(0x00007fff5b8bc000,0x00007fff5c0bc000)]
  0x00007fb503b20000 JavaThread "Thread-1" daemon [_thread_blocked, id=23819, stack(0x0000700000f47000,0x0000700001047000)]
  0x00007fb503124000 JavaThread "QuantumRenderer-0" daemon [_thread_blocked, id=18947, stack(0x0000700000e44000,0x0000700000f44000)]
  0x00007fb503059000 JavaThread "Service Thread" daemon [_thread_blocked, id=17923, stack(0x0000700000c3e000,0x0000700000d3e000)]
  0x00007fb5038cb800 JavaThread "C1 CompilerThread1" daemon [_thread_blocked, id=17411, stack(0x0000700000b3b000,0x0000700000c3b000)]
  0x00007fb503055800 JavaThread "C2 CompilerThread0" daemon [_thread_blocked, id=16899, stack(0x0000700000a38000,0x0000700000b38000)]
  0x00007fb5038cd800 JavaThread "Monitor Ctrl-Break" daemon [_thread_in_native, id=16387, stack(0x0000700000935000,0x0000700000a35000)]
  0x00007fb50301e000 JavaThread "Signal Dispatcher" daemon [_thread_blocked, id=15887, stack(0x0000700000832000,0x0000700000932000)]
  0x00007fb503016000 JavaThread "Finalizer" daemon [_thread_blocked, id=11779, stack(0x0000700000629000,0x0000700000729000)]
  0x00007fb50386a000 JavaThread "Reference Handler" daemon [_thread_blocked, id=11267, stack(0x0000700000526000,0x0000700000626000)]
  0x00007fb50380a000 JavaThread "main" [_thread_blocked, id=4099, stack(0x0000700000084000,0x0000700000184000)]

Other Threads:
  0x00007fb503865800 VMThread [stack: 0x0000700000423000,0x0000700000523000] [id=10755]
  0x00007fb5038ce000 WatcherThread [stack: 0x0000700000d41000,0x0000700000e41000] [id=18435]

VM state:not at safepoint (normal execution)

VM Mutex/Monitor currently owned by a thread: None

Heap:
 PSYoungGen      total 24064K, used 5626K [0x00000007aab00000, 0x00000007aca00000, 0x00000007c0000000)
  eden space 16384K, 25% used [0x00000007aab00000,0x00000007aaf0eb88,0x00000007abb00000)
  from space 7680K, 19% used [0x00000007ac280000,0x00000007ac3f0000,0x00000007aca00000)
  to   space 7680K, 0% used [0x00000007abb00000,0x00000007abb00000,0x00000007ac280000)
 ParOldGen       total 30720K, used 9352K [0x0000000780000000, 0x0000000781e00000, 0x00000007aab00000)
  object space 30720K, 30% used [0x0000000780000000,0x0000000780922048,0x0000000781e00000)
 Metaspace       used 23435K, capacity 24828K, committed 25216K, reserved 1071104K
  class space    used 3550K, capacity 3841K, committed 3968K, reserved 1048576K

Card table byte_map: [0x00000001145d1000,0x00000001147d2000] byte_map_base: 0x00000001109d1000

Marking Bits: (ParMarkBitMap*) 0x00000001046afd20
 Begin Bits: [0x0000000114928000, 0x0000000115928000)
 End Bits:   [0x0000000115928000, 0x0000000116928000)

Polling page: 0x0000000104da8000

CodeCache: size=245760Kb used=6656Kb max_used=6668Kb free=239103Kb
 bounds [0x0000000105211000, 0x00000001058a1000, 0x0000000114211000]
 total_blobs=2964 nmethods=2268 adapters=611
 compilation: enabled

Compilation events (10 events):
Event: 121.552 Thread 0x00007fb503055800 nmethod 2414% 0x0000000105891590 code [0x00000001058916e0, 0x0000000105891918]
Event: 121.561 Thread 0x00007fb5038cb800 nmethod 2416 0x0000000105891a90 code [0x0000000105892120, 0x00000001058960e8]
Event: 121.576 Thread 0x00007fb5038cb800 2417       3       com.teamdev.jxbrowser.chromium.javafx.internal.HeavyWeightWidget$c::onMessageReceived (121 bytes)
Event: 121.580 Thread 0x00007fb5038cb800 nmethod 2417 0x000000010588ff10 code [0x0000000105890180, 0x0000000105891038]
Event: 121.933 Thread 0x00007fb503055800 2418       4       com.teamdev.jxbrowser.chromium.internal.ipc.message.MessageType::from (38 bytes)
Event: 121.942 Thread 0x00007fb503055800 nmethod 2418 0x0000000105899050 code [0x00000001058991a0, 0x0000000105899358]
Event: 122.005 Thread 0x00007fb503055800 2419       4       java.util.concurrent.locks.AbstractQueuedSynchronizer$ConditionObject::addConditionWaiter (64 bytes)
Event: 122.012 Thread 0x00007fb503055800 nmethod 2419 0x00000001058859d0 code [0x0000000105885b20, 0x0000000105885c98]
Event: 122.020 Thread 0x00007fb503055800 2420       4       java.util.concurrent.locks.AbstractQueuedSynchronizer::enq (58 bytes)
Event: 122.026 Thread 0x00007fb503055800 nmethod 2420 0x0000000105898b90 code [0x0000000105898d00, 0x0000000105898f08]

GC Heap History (10 events):
Event: 32.976 GC heap before
{Heap before GC invocations=3 (full 0):
 PSYoungGen      total 18944K, used 18912K [0x00000007aab00000, 0x00000007ac000000, 0x00000007c0000000)
  eden space 16384K, 100% used [0x00000007aab00000,0x00000007abb00000,0x00000007abb00000)
  from space 2560K, 98% used [0x00000007abd80000,0x00000007abff8040,0x00000007ac000000)
  to   space 2560K, 0% used [0x00000007abb00000,0x00000007abb00000,0x00000007abd80000)
 ParOldGen       total 44032K, used 548K [0x0000000780000000, 0x0000000782b00000, 0x00000007aab00000)
  object space 44032K, 1% used [0x0000000780000000,0x00000007800893f8,0x0000000782b00000)
 Metaspace       used 14698K, capacity 15124K, committed 15360K, reserved 1062912K
  class space    used 2096K, capacity 2219K, committed 2304K, reserved 1048576K
Event: 33.008 GC heap after
Heap after GC invocations=3 (full 0):
 PSYoungGen      total 18944K, used 2528K [0x00000007aab00000, 0x00000007ac000000, 0x00000007c0000000)
  eden space 16384K, 0% used [0x00000007aab00000,0x00000007aab00000,0x00000007abb00000)
  from space 2560K, 98% used [0x00000007abb00000,0x00000007abd78020,0x00000007abd80000)
  to   space 2560K, 0% used [0x00000007abd80000,0x00000007abd80000,0x00000007ac000000)
 ParOldGen       total 44032K, used 2467K [0x0000000780000000, 0x0000000782b00000, 0x00000007aab00000)
  object space 44032K, 5% used [0x0000000780000000,0x0000000780268d08,0x0000000782b00000)
 Metaspace       used 14698K, capacity 15124K, committed 15360K, reserved 1062912K
  class space    used 2096K, capacity 2219K, committed 2304K, reserved 1048576K
}
Event: 40.027 GC heap before
{Heap before GC invocations=4 (full 0):
 PSYoungGen      total 18944K, used 18912K [0x00000007aab00000, 0x00000007ac000000, 0x00000007c0000000)
  eden space 16384K, 100% used [0x00000007aab00000,0x00000007abb00000,0x00000007abb00000)
  from space 2560K, 98% used [0x00000007abb00000,0x00000007abd78020,0x00000007abd80000)
  to   space 2560K, 0% used [0x00000007abd80000,0x00000007abd80000,0x00000007ac000000)
 ParOldGen       total 44032K, used 2467K [0x0000000780000000, 0x0000000782b00000, 0x00000007aab00000)
  object space 44032K, 5% used [0x0000000780000000,0x0000000780268d08,0x0000000782b00000)
 Metaspace       used 18665K, capacity 19376K, committed 19712K, reserved 1067008K
  class space    used 2787K, capacity 2979K, committed 3072K, reserved 1048576K
Event: 40.082 GC heap after
Heap after GC invocations=4 (full 0):
 PSYoungGen      total 18944K, used 2544K [0x00000007aab00000, 0x00000007ac000000, 0x00000007c0000000)
  eden space 16384K, 0% used [0x00000007aab00000,0x00000007aab00000,0x00000007abb00000)
  from space 2560K, 99% used [0x00000007abd80000,0x00000007abffc030,0x00000007ac000000)
  to   space 2560K, 0% used [0x00000007abb00000,0x00000007abb00000,0x00000007abd80000)
 ParOldGen       total 44032K, used 7004K [0x0000000780000000, 0x0000000782b00000, 0x00000007aab00000)
  object space 44032K, 15% used [0x0000000780000000,0x00000007806d70c8,0x0000000782b00000)
 Metaspace       used 18665K, capacity 19376K, committed 19712K, reserved 1067008K
  class space    used 2787K, capacity 2979K, committed 3072K, reserved 1048576K
}
Event: 42.326 GC heap before
{Heap before GC invocations=5 (full 0):
 PSYoungGen      total 18944K, used 9102K [0x00000007aab00000, 0x00000007ac000000, 0x00000007c0000000)
  eden space 16384K, 40% used [0x00000007aab00000,0x00000007ab167a60,0x00000007abb00000)
  from space 2560K, 99% used [0x00000007abd80000,0x00000007abffc030,0x00000007ac000000)
  to   space 2560K, 0% used [0x00000007abb00000,0x00000007abb00000,0x00000007abd80000)
 ParOldGen       total 44032K, used 7004K [0x0000000780000000, 0x0000000782b00000, 0x00000007aab00000)
  object space 44032K, 15% used [0x0000000780000000,0x00000007806d70c8,0x0000000782b00000)
 Metaspace       used 20395K, capacity 21238K, committed 21248K, reserved 1067008K
  class space    used 3120K, capacity 3326K, committed 3328K, reserved 1048576K
Event: 42.347 GC heap after
Heap after GC invocations=5 (full 0):
 PSYoungGen      total 18944K, used 2544K [0x00000007aab00000, 0x00000007aca00000, 0x00000007c0000000)
  eden space 16384K, 0% used [0x00000007aab00000,0x00000007aab00000,0x00000007abb00000)
  from space 2560K, 99% used [0x00000007abb00000,0x00000007abd7c030,0x00000007abd80000)
  to   space 7680K, 0% used [0x00000007ac280000,0x00000007ac280000,0x00000007aca00000)
 ParOldGen       total 44032K, used 7516K [0x0000000780000000, 0x0000000782b00000, 0x00000007aab00000)
  object space 44032K, 17% used [0x0000000780000000,0x00000007807570c8,0x0000000782b00000)
 Metaspace       used 20395K, capacity 21238K, committed 21248K, reserved 1067008K
  class space    used 3120K, capacity 3326K, committed 3328K, reserved 1048576K
}
Event: 42.347 GC heap before
{Heap before GC invocations=6 (full 1):
 PSYoungGen      total 18944K, used 2544K [0x00000007aab00000, 0x00000007aca00000, 0x00000007c0000000)
  eden space 16384K, 0% used [0x00000007aab00000,0x00000007aab00000,0x00000007abb00000)
  from space 2560K, 99% used [0x00000007abb00000,0x00000007abd7c030,0x00000007abd80000)
  to   space 7680K, 0% used [0x00000007ac280000,0x00000007ac280000,0x00000007aca00000)
 ParOldGen       total 44032K, used 7516K [0x0000000780000000, 0x0000000782b00000, 0x00000007aab00000)
  object space 44032K, 17% used [0x0000000780000000,0x00000007807570c8,0x0000000782b00000)
 Metaspace       used 20395K, capacity 21238K, committed 21248K, reserved 1067008K
  class space    used 3120K, capacity 3326K, committed 3328K, reserved 1048576K
Event: 42.514 GC heap after
Heap after GC invocations=6 (full 1):
 PSYoungGen      total 18944K, used 0K [0x00000007aab00000, 0x00000007aca00000, 0x00000007c0000000)
  eden space 16384K, 0% used [0x00000007aab00000,0x00000007aab00000,0x00000007abb00000)
  from space 2560K, 0% used [0x00000007abb00000,0x00000007abb00000,0x00000007abd80000)
  to   space 7680K, 0% used [0x00000007ac280000,0x00000007ac280000,0x00000007aca00000)
 ParOldGen       total 30720K, used 9344K [0x0000000780000000, 0x0000000781e00000, 0x00000007aab00000)
  object space 30720K, 30% used [0x0000000780000000,0x0000000780920048,0x0000000781e00000)
 Metaspace       used 20395K, capacity 21238K, committed 21248K, reserved 1067008K
  class space    used 3120K, capacity 3326K, committed 3328K, reserved 1048576K
}
Event: 106.688 GC heap before
{Heap before GC invocations=7 (full 1):
 PSYoungGen      total 18944K, used 16384K [0x00000007aab00000, 0x00000007aca00000, 0x00000007c0000000)
  eden space 16384K, 100% used [0x00000007aab00000,0x00000007abb00000,0x00000007abb00000)
  from space 2560K, 0% used [0x00000007abb00000,0x00000007abb00000,0x00000007abd80000)
  to   space 7680K, 0% used [0x00000007ac280000,0x00000007ac280000,0x00000007aca00000)
 ParOldGen       total 30720K, used 9344K [0x0000000780000000, 0x0000000781e00000, 0x00000007aab00000)
  object space 30720K, 30% used [0x0000000780000000,0x0000000780920048,0x0000000781e00000)
 Metaspace       used 23357K, capacity 24764K, committed 24960K, reserved 1071104K
  class space    used 3550K, capacity 3841K, committed 3968K, reserved 1048576K
Event: 106.702 GC heap after
Heap after GC invocations=7 (full 1):
 PSYoungGen      total 24064K, used 1472K [0x00000007aab00000, 0x00000007aca00000, 0x00000007c0000000)
  eden space 16384K, 0% used [0x00000007aab00000,0x00000007aab00000,0x00000007abb00000)
  from space 7680K, 19% used [0x00000007ac280000,0x00000007ac3f0000,0x00000007aca00000)
  to   space 7680K, 0% used [0x00000007abb00000,0x00000007abb00000,0x00000007ac280000)
 ParOldGen       total 30720K, used 9352K [0x0000000780000000, 0x0000000781e00000, 0x00000007aab00000)
  object space 30720K, 30% used [0x0000000780000000,0x0000000780922048,0x0000000781e00000)
 Metaspace       used 23357K, capacity 24764K, committed 24960K, reserved 1071104K
  class space    used 3550K, capacity 3841K, committed 3968K, reserved 1048576K
}

Deoptimization events (10 events):
Event: 34.252 Thread 0x00007fb503188800 Uncommon trap: reason=unstable_if action=reinterpret pc=0x00000001054e2680 method=java.io.UnixFileSystem.normalize(Ljava/lang/String;)Ljava/lang/String; @ 34
Event: 34.280 Thread 0x00007fb503188800 Uncommon trap: reason=unstable_if action=reinterpret pc=0x00000001054e1fa8 method=java.io.UnixFileSystem.normalize(Ljava/lang/String;)Ljava/lang/String; @ 34
Event: 34.471 Thread 0x00007fb503188800 Uncommon trap: reason=class_check action=maybe_recompile pc=0x000000010532d3c4 method=java.lang.String.equals(Ljava/lang/Object;)Z @ 8
Event: 34.651 Thread 0x00007fb503188800 Uncommon trap: reason=unstable_if action=reinterpret pc=0x0000000105324f5c method=java.lang.ClassLoader.checkName(Ljava/lang/String;)Z @ 20
Event: 35.430 Thread 0x00007fb503188800 Uncommon trap: reason=unstable_if action=reinterpret pc=0x00000001055e30c4 method=jdk.internal.org.objectweb.asm.Type.getArgumentsAndReturnSizes(Ljava/lang/String;)I @ 47
Event: 39.987 Thread 0x00007fb503188800 Uncommon trap: reason=predicate action=maybe_recompile pc=0x0000000105488a44 method=sun.net.www.ParseUtil.encodePath(Ljava/lang/String;Z)Ljava/lang/String; @ 36
Event: 40.404 Thread 0x00007fb503188800 Uncommon trap: reason=unstable_if action=reinterpret pc=0x00000001055cdf14 method=java.lang.String.regionMatches(ZILjava/lang/String;II)Z @ 123
Event: 43.220 Thread 0x00007fb503188800 Uncommon trap: reason=unstable_if action=reinterpret pc=0x00000001055ea440 method=java.util.concurrent.ConcurrentHashMap.putVal(Ljava/lang/Object;Ljava/lang/Object;Z)Ljava/lang/Object; @ 206
Event: 51.233 Thread 0x00007fb503188800 Uncommon trap: reason=unstable_if action=reinterpret pc=0x0000000105464624 method=java.lang.AbstractStringBuilder.append(Ljava/lang/String;)Ljava/lang/AbstractStringBuilder; @ 1
Event: 51.269 Thread 0x00007fb503188800 Uncommon trap: reason=unstable_if action=reinterpret pc=0x0000000105430740 method=java.lang.AbstractStringBuilder.append(Ljava/lang/String;)Ljava/lang/AbstractStringBuilder; @ 1

Internal exceptions (10 events):
Event: 3.803 Thread 0x00007fb50380a000 Exception <a 'java/security/PrivilegedActionException'> (0x00000007aaf54fb0) thrown at [/Users/java_re/workspace/8-2-build-macosx-x86_64/jdk8u111/7883/hotspot/src/share/vm/prims/jvm.cpp, line 1386]
Event: 3.803 Thread 0x00007fb50380a000 Exception <a 'java/lang/NullPointerException'> (0x00000007aaf55bd0) thrown at [/Users/java_re/workspace/8-2-build-macosx-x86_64/jdk8u111/7883/hotspot/src/share/vm/interpreter/linkResolver.cpp, line 1178]
Event: 31.400 Thread 0x00007fb503188800 Exception <a 'java/lang/NullPointerException'> (0x00000007aae8ec50) thrown at [/Users/java_re/workspace/8-2-build-macosx-x86_64/jdk8u111/7883/hotspot/src/share/vm/interpreter/linkResolver.cpp, line 1178]
Event: 31.400 Thread 0x00007fb503188800 Exception <a 'java/lang/NullPointerException'> (0x00000007aae8ec50) thrown at [/Users/java_re/workspace/8-2-build-macosx-x86_64/jdk8u111/7883/hotspot/src/share/vm/prims/jvm.cpp, line 1390]
Event: 32.863 Thread 0x00007fb503188800 Exception <a 'java/lang/ArrayIndexOutOfBoundsException': 58> (0x00000007aba62618) thrown at [/Users/java_re/workspace/8-2-build-macosx-x86_64/jdk8u111/7883/hotspot/src/share/vm/interpreter/interpreterRuntime.cpp, line 366]
Event: 32.864 Thread 0x00007fb503188800 Exception <a 'java/lang/ArrayIndexOutOfBoundsException': 18> (0x00000007aba649e0) thrown at [/Users/java_re/workspace/8-2-build-macosx-x86_64/jdk8u111/7883/hotspot/src/share/vm/interpreter/interpreterRuntime.cpp, line 366]
Event: 32.865 Thread 0x00007fb503188800 Exception <a 'java/lang/ArrayIndexOutOfBoundsException': 86> (0x00000007aba66888) thrown at [/Users/java_re/workspace/8-2-build-macosx-x86_64/jdk8u111/7883/hotspot/src/share/vm/interpreter/interpreterRuntime.cpp, line 366]
Event: 44.123 Thread 0x00007fb503a98000 Exception <a 'java/lang/NoSuchMethodError': <clinit>> (0x00000007aac9ce28) thrown at [/Users/java_re/workspace/8-2-build-macosx-x86_64/jdk8u111/7883/hotspot/src/share/vm/prims/jni.cpp, line 1613]
Event: 51.233 Thread 0x00007fb503188800 Implicit null exception at 0x0000000105464275 to 0x0000000105464611
Event: 51.269 Thread 0x00007fb503188800 Implicit null exception at 0x0000000105430376 to 0x0000000105430729

Events (10 events):
Event: 110.044 Executing VM operation: RevokeBias done
Event: 110.044 Thread 0x00007fb5032c6800 Thread exited: 0x00007fb5032c6800
Event: 119.159 Executing VM operation: RevokeBias
Event: 119.159 Executing VM operation: RevokeBias done
Event: 119.159 Thread 0x00007fb503a98000 Thread exited: 0x00007fb503a98000
Event: 121.328 Executing VM operation: RevokeBias
Event: 121.328 Executing VM operation: RevokeBias done
Event: 121.328 Thread 0x00007fb503a5f800 Thread exited: 0x00007fb503a5f800
Event: 121.933 Thread 0x00007fb503108000 DEOPT PACKING pc=0x0000000105601c20 sp=0x0000700009c51760
Event: 121.933 Thread 0x00007fb503108000 DEOPT UNPACKING pc=0x0000000105257f73 sp=0x0000700009c514a0 mode 0


Dynamic libraries:
0x0000000004cc6000 	/System/Library/Frameworks/Cocoa.framework/Versions/A/Cocoa
0x0000000004cc6000 	/System/Library/Frameworks/Security.framework/Versions/A/Security
0x0000000004cc6000 	/System/Library/Frameworks/ApplicationServices.framework/Versions/A/ApplicationServices
0x0000000004cc6000 	/usr/lib/libz.1.dylib
0x0000000004cc6000 	/usr/lib/libSystem.B.dylib
0x0000000004cc6000 	/usr/lib/libobjc.A.dylib
0x0000000004cc6000 	/System/Library/Frameworks/CoreFoundation.framework/Versions/A/CoreFoundation
0x0000000004cc6000 	/System/Library/Frameworks/Foundation.framework/Versions/C/Foundation
0x0000000004cc6000 	/System/Library/Frameworks/AppKit.framework/Versions/C/AppKit
0x0000000004cc6000 	/System/Library/Frameworks/CoreData.framework/Versions/A/CoreData
0x0000000004cc6000 	/System/Library/PrivateFrameworks/RemoteViewServices.framework/Versions/A/RemoteViewServices
0x0000000004cc6000 	/System/Library/PrivateFrameworks/UIFoundation.framework/Versions/A/UIFoundation
0x0000000004cc6000 	/usr/lib/libScreenReader.dylib
0x0000000004cc6000 	/System/Library/Frameworks/Accelerate.framework/Versions/A/Accelerate
0x0000000004cc6000 	/System/Library/Frameworks/IOSurface.framework/Versions/A/IOSurface
0x0000000004cc6000 	/System/Library/Frameworks/AudioToolbox.framework/Versions/A/AudioToolbox
0x0000000004cc6000 	/System/Library/Frameworks/AudioUnit.framework/Versions/A/AudioUnit
0x0000000004cc6000 	/System/Library/PrivateFrameworks/DataDetectorsCore.framework/Versions/A/DataDetectorsCore
0x0000000004cc6000 	/System/Library/PrivateFrameworks/DesktopServicesPriv.framework/Versions/A/DesktopServicesPriv
0x0000000004cc6000 	/System/Library/Frameworks/Carbon.framework/Versions/A/Frameworks/HIToolbox.framework/Versions/A/HIToolbox
0x0000000004cc6000 	/System/Library/Frameworks/QuartzCore.framework/Versions/A/QuartzCore
0x0000000004cc6000 	/System/Library/Frameworks/Carbon.framework/Versions/A/Frameworks/SpeechRecognition.framework/Versions/A/SpeechRecognition
0x0000000004cc6000 	/usr/lib/libauto.dylib
0x0000000004cc6000 	/usr/lib/libicucore.A.dylib
0x0000000004cc6000 	/usr/lib/libxml2.2.dylib
0x0000000004cc6000 	/System/Library/PrivateFrameworks/CoreUI.framework/Versions/A/CoreUI
0x0000000004cc6000 	/System/Library/Frameworks/CoreAudio.framework/Versions/A/CoreAudio
0x0000000004cc6000 	/System/Library/Frameworks/DiskArbitration.framework/Versions/A/DiskArbitration
0x0000000004cc6000 	/usr/lib/liblangid.dylib
0x0000000004cc6000 	/System/Library/PrivateFrameworks/MultitouchSupport.framework/Versions/A/MultitouchSupport
0x0000000004cc6000 	/System/Library/Frameworks/IOKit.framework/Versions/A/IOKit
0x0000000004cc6000 	/usr/lib/libDiagnosticMessagesClient.dylib
0x0000000004cc6000 	/System/Library/Frameworks/CoreServices.framework/Versions/A/CoreServices
0x0000000004cc6000 	/System/Library/PrivateFrameworks/PerformanceAnalysis.framework/Versions/A/PerformanceAnalysis
0x0000000004cc6000 	/System/Library/PrivateFrameworks/GenerationalStorage.framework/Versions/A/GenerationalStorage
0x0000000004cc6000 	/System/Library/Frameworks/OpenGL.framework/Versions/A/OpenGL
0x0000000004cc6000 	/System/Library/PrivateFrameworks/Sharing.framework/Versions/A/Sharing
0x0000000004cc6000 	/System/Library/Frameworks/CoreGraphics.framework/Versions/A/CoreGraphics
0x0000000004cc6000 	/System/Library/Frameworks/CoreImage.framework/Versions/A/CoreImage
0x0000000004cc6000 	/System/Library/Frameworks/CoreText.framework/Versions/A/CoreText
0x0000000004cc6000 	/System/Library/Frameworks/ImageIO.framework/Versions/A/ImageIO
0x0000000004cc6000 	/System/Library/PrivateFrameworks/Backup.framework/Versions/A/Backup
0x0000000004cc6000 	/usr/lib/libextension.dylib
0x0000000004cc6000 	/usr/lib/libarchive.2.dylib
0x0000000004cc6000 	/System/Library/Frameworks/CFNetwork.framework/Versions/A/CFNetwork
0x0000000004cc6000 	/System/Library/Frameworks/SystemConfiguration.framework/Versions/A/SystemConfiguration
0x0000000004cc6000 	/usr/lib/libCRFSuite.dylib
0x0000000004cc6000 	/usr/lib/libc++.1.dylib
0x0000000004cc6000 	/usr/lib/libc++abi.dylib
0x0000000004cc6000 	/usr/lib/system/libcache.dylib
0x0000000004cc6000 	/usr/lib/system/libcommonCrypto.dylib
0x0000000004cc6000 	/usr/lib/system/libcompiler_rt.dylib
0x0000000004cc6000 	/usr/lib/system/libcopyfile.dylib
0x0000000004cc6000 	/usr/lib/system/libcorecrypto.dylib
0x0000000004cc6000 	/usr/lib/system/libdispatch.dylib
0x0000000004cc6000 	/usr/lib/system/libdyld.dylib
0x0000000004cc6000 	/usr/lib/system/libkeymgr.dylib
0x0000000004cc6000 	/usr/lib/system/liblaunch.dylib
0x0000000004cc6000 	/usr/lib/system/libmacho.dylib
0x0000000004cc6000 	/usr/lib/system/libquarantine.dylib
0x0000000004cc6000 	/usr/lib/system/libremovefile.dylib
0x0000000004cc6000 	/usr/lib/system/libsystem_asl.dylib
0x0000000004cc6000 	/usr/lib/system/libsystem_blocks.dylib
0x0000000004cc6000 	/usr/lib/system/libsystem_c.dylib
0x0000000004cc6000 	/usr/lib/system/libsystem_configuration.dylib
0x0000000004cc6000 	/usr/lib/system/libsystem_coreservices.dylib
0x0000000004cc6000 	/usr/lib/system/libsystem_coretls.dylib
0x0000000004cc6000 	/usr/lib/system/libsystem_dnssd.dylib
0x0000000004cc6000 	/usr/lib/system/libsystem_info.dylib
0x0000000004cc6000 	/usr/lib/system/libsystem_kernel.dylib
0x0000000004cc6000 	/usr/lib/system/libsystem_m.dylib
0x0000000004cc6000 	/usr/lib/system/libsystem_malloc.dylib
0x0000000004cc6000 	/usr/lib/system/libsystem_network.dylib
0x0000000004cc6000 	/usr/lib/system/libsystem_networkextension.dylib
0x0000000004cc6000 	/usr/lib/system/libsystem_notify.dylib
0x0000000004cc6000 	/usr/lib/system/libsystem_platform.dylib
0x0000000004cc6000 	/usr/lib/system/libsystem_pthread.dylib
0x0000000004cc6000 	/usr/lib/system/libsystem_sandbox.dylib
0x0000000004cc6000 	/usr/lib/system/libsystem_secinit.dylib
0x0000000004cc6000 	/usr/lib/system/libsystem_trace.dylib
0x0000000004cc6000 	/usr/lib/system/libunc.dylib
0x0000000004cc6000 	/usr/lib/system/libunwind.dylib
0x0000000004cc6000 	/usr/lib/system/libxpc.dylib
0x0000000004cc6000 	/usr/lib/libenergytrace.dylib
0x0000000004cc6000 	/usr/lib/libbsm.0.dylib
0x0000000004cc6000 	/usr/lib/system/libkxld.dylib
0x0000000004cc6000 	/usr/lib/libxar.1.dylib
0x0000000004cc6000 	/usr/lib/libsqlite3.dylib
0x0000000004cc6000 	/usr/lib/libpam.2.dylib
0x0000000004cc6000 	/usr/lib/libOpenScriptingUtil.dylib
0x0000000004cc6000 	/usr/lib/libbz2.1.0.dylib
0x0000000004cc6000 	/usr/lib/liblzma.5.dylib
0x0000000004cc6000 	/System/Library/Frameworks/CoreServices.framework/Versions/A/Frameworks/FSEvents.framework/Versions/A/FSEvents
0x0000000004cc6000 	/System/Library/Frameworks/CoreServices.framework/Versions/A/Frameworks/CarbonCore.framework/Versions/A/CarbonCore
0x0000000004cc6000 	/System/Library/Frameworks/CoreServices.framework/Versions/A/Frameworks/Metadata.framework/Versions/A/Metadata
0x0000000004cc6000 	/System/Library/Frameworks/CoreServices.framework/Versions/A/Frameworks/OSServices.framework/Versions/A/OSServices
0x0000000004cc6000 	/System/Library/Frameworks/CoreServices.framework/Versions/A/Frameworks/SearchKit.framework/Versions/A/SearchKit
0x0000000004cc6000 	/System/Library/Frameworks/CoreServices.framework/Versions/A/Frameworks/AE.framework/Versions/A/AE
0x0000000004cc6000 	/System/Library/Frameworks/CoreServices.framework/Versions/A/Frameworks/LaunchServices.framework/Versions/A/LaunchServices
0x0000000004cc6000 	/System/Library/Frameworks/CoreServices.framework/Versions/A/Frameworks/DictionaryServices.framework/Versions/A/DictionaryServices
0x0000000004cc6000 	/System/Library/Frameworks/CoreServices.framework/Versions/A/Frameworks/SharedFileList.framework/Versions/A/SharedFileList
0x0000000004cc6000 	/System/Library/Frameworks/NetFS.framework/Versions/A/NetFS
0x0000000004cc6000 	/System/Library/PrivateFrameworks/NetAuth.framework/Versions/A/NetAuth
0x0000000004cc6000 	/System/Library/PrivateFrameworks/login.framework/Versions/A/Frameworks/loginsupport.framework/Versions/A/loginsupport
0x0000000004cc6000 	/System/Library/PrivateFrameworks/TCC.framework/Versions/A/TCC
0x0000000004cc6000 	/usr/lib/libmecabra.dylib
0x0000000004cc6000 	/System/Library/Frameworks/ApplicationServices.framework/Versions/A/Frameworks/ATS.framework/Versions/A/ATS
0x0000000004cc6000 	/System/Library/Frameworks/ApplicationServices.framework/Versions/A/Frameworks/ColorSync.framework/Versions/A/ColorSync
0x0000000004cc6000 	/System/Library/Frameworks/ApplicationServices.framework/Versions/A/Frameworks/HIServices.framework/Versions/A/HIServices
0x0000000004cc6000 	/System/Library/Frameworks/ApplicationServices.framework/Versions/A/Frameworks/LangAnalysis.framework/Versions/A/LangAnalysis
0x0000000004cc6000 	/System/Library/Frameworks/ApplicationServices.framework/Versions/A/Frameworks/PrintCore.framework/Versions/A/PrintCore
0x0000000004cc6000 	/System/Library/Frameworks/ApplicationServices.framework/Versions/A/Frameworks/QD.framework/Versions/A/QD
0x0000000004cc6000 	/System/Library/Frameworks/ApplicationServices.framework/Versions/A/Frameworks/SpeechSynthesis.framework/Versions/A/SpeechSynthesis
0x0000000004cc6000 	/System/Library/Frameworks/Metal.framework/Versions/A/Metal
0x0000000004cc6000 	/System/Library/Frameworks/Accelerate.framework/Versions/A/Frameworks/vImage.framework/Versions/A/vImage
0x0000000004cc6000 	/System/Library/Frameworks/Accelerate.framework/Versions/A/Frameworks/vecLib.framework/Versions/A/vecLib
0x0000000004cc6000 	/System/Library/Frameworks/Accelerate.framework/Versions/A/Frameworks/vecLib.framework/Versions/A/libvDSP.dylib
0x0000000004cc6000 	/System/Library/Frameworks/Accelerate.framework/Versions/A/Frameworks/vecLib.framework/Versions/A/libvMisc.dylib
0x0000000004cc6000 	/System/Library/Frameworks/Accelerate.framework/Versions/A/Frameworks/vecLib.framework/Versions/A/libLAPACK.dylib
0x0000000004cc6000 	/System/Library/Frameworks/Accelerate.framework/Versions/A/Frameworks/vecLib.framework/Versions/A/libBLAS.dylib
0x0000000004cc6000 	/System/Library/Frameworks/Accelerate.framework/Versions/A/Frameworks/vecLib.framework/Versions/A/libLinearAlgebra.dylib
0x0000000004cc6000 	/System/Library/Frameworks/Accelerate.framework/Versions/A/Frameworks/vecLib.framework/Versions/A/libSparseBLAS.dylib
0x0000000004cc6000 	/System/Library/PrivateFrameworks/GPUCompiler.framework/libmetal_timestamp.dylib
0x0000000004cc6000 	/System/Library/Frameworks/OpenGL.framework/Versions/A/Libraries/libCoreFSCache.dylib
0x0000000004cc6000 	/System/Library/PrivateFrameworks/IOAccelerator.framework/Versions/A/IOAccelerator
0x0000000004cc6000 	/System/Library/Frameworks/ApplicationServices.framework/Versions/A/Frameworks/ATS.framework/Versions/A/Resources/libFontParser.dylib
0x0000000004cc6000 	/System/Library/Frameworks/ApplicationServices.framework/Versions/A/Frameworks/ATS.framework/Versions/A/Resources/libFontRegistry.dylib
0x0000000004cc6000 	/System/Library/PrivateFrameworks/AppleVPA.framework/Versions/A/AppleVPA
0x0000000004cc6000 	/System/Library/PrivateFrameworks/AppleJPEG.framework/Versions/A/AppleJPEG
0x0000000004cc6000 	/System/Library/Frameworks/ImageIO.framework/Versions/A/Resources/libJPEG.dylib
0x0000000004cc6000 	/System/Library/Frameworks/ImageIO.framework/Versions/A/Resources/libTIFF.dylib
0x0000000004cc6000 	/System/Library/Frameworks/ImageIO.framework/Versions/A/Resources/libPng.dylib
0x0000000004cc6000 	/System/Library/Frameworks/ImageIO.framework/Versions/A/Resources/libGIF.dylib
0x0000000004cc6000 	/System/Library/Frameworks/ImageIO.framework/Versions/A/Resources/libJP2.dylib
0x0000000004cc6000 	/System/Library/Frameworks/ImageIO.framework/Versions/A/Resources/libRadiance.dylib
0x0000000004cc6000 	/System/Library/Frameworks/CoreVideo.framework/Versions/A/CoreVideo
0x0000000004cc6000 	/System/Library/Frameworks/OpenGL.framework/Versions/A/Libraries/libGLU.dylib
0x0000000004cc6000 	/System/Library/Frameworks/OpenGL.framework/Versions/A/Libraries/libGFXShared.dylib
0x0000000004cc6000 	/System/Library/Frameworks/OpenGL.framework/Versions/A/Libraries/libGL.dylib
0x0000000004cc6000 	/System/Library/Frameworks/OpenGL.framework/Versions/A/Libraries/libGLImage.dylib
0x0000000004cc6000 	/System/Library/Frameworks/OpenGL.framework/Versions/A/Libraries/libCVMSPluginSupport.dylib
0x0000000004cc6000 	/System/Library/Frameworks/OpenGL.framework/Versions/A/Libraries/libCoreVMClient.dylib
0x0000000004cc6000 	/usr/lib/libcompression.dylib
0x0000000004cc6000 	/usr/lib/libcups.2.dylib
0x0000000004cc6000 	/System/Library/Frameworks/Kerberos.framework/Versions/A/Kerberos
0x0000000004cc6000 	/System/Library/Frameworks/GSS.framework/Versions/A/GSS
0x0000000004cc6000 	/usr/lib/libresolv.9.dylib
0x0000000004cc6000 	/usr/lib/libiconv.2.dylib
0x0000000004cc6000 	/System/Library/PrivateFrameworks/Heimdal.framework/Versions/A/Heimdal
0x0000000004cc6000 	/usr/lib/libheimdal-asn1.dylib
0x0000000004cc6000 	/System/Library/Frameworks/OpenDirectory.framework/Versions/A/OpenDirectory
0x0000000004cc6000 	/System/Library/PrivateFrameworks/CommonAuth.framework/Versions/A/CommonAuth
0x0000000004cc6000 	/System/Library/Frameworks/OpenDirectory.framework/Versions/A/Frameworks/CFOpenDirectory.framework/Versions/A/CFOpenDirectory
0x0000000004cc6000 	/System/Library/Frameworks/SecurityFoundation.framework/Versions/A/SecurityFoundation
0x0000000004cc6000 	/System/Library/PrivateFrameworks/LanguageModeling.framework/Versions/A/LanguageModeling
0x0000000004cc6000 	/usr/lib/libmarisa.dylib
0x0000000004cc6000 	/usr/lib/libChineseTokenizer.dylib
0x0000000004cc6000 	/usr/lib/libcmph.dylib
0x0000000004cc6000 	/System/Library/Frameworks/ServiceManagement.framework/Versions/A/ServiceManagement
0x0000000004cc6000 	/usr/lib/libxslt.1.dylib
0x0000000004cc6000 	/System/Library/Frameworks/Carbon.framework/Versions/A/Frameworks/Ink.framework/Versions/A/Ink
0x0000000004cc6000 	/usr/lib/libFosl_dynamic.dylib
0x0000000004cc6000 	/System/Library/PrivateFrameworks/FaceCore.framework/Versions/A/FaceCore
0x0000000004cc6000 	/System/Library/Frameworks/OpenCL.framework/Versions/A/OpenCL
0x0000000004cc6000 	/System/Library/PrivateFrameworks/CrashReporterSupport.framework/Versions/A/CrashReporterSupport
0x0000000004cc6000 	/System/Library/PrivateFrameworks/IconServices.framework/Versions/A/IconServices
0x0000000004cc6000 	/System/Library/PrivateFrameworks/Apple80211.framework/Versions/A/Apple80211
0x0000000004cc6000 	/System/Library/Frameworks/CoreWLAN.framework/Versions/A/CoreWLAN
0x0000000004cc6000 	/System/Library/Frameworks/IOBluetooth.framework/Versions/A/IOBluetooth
0x0000000004cc6000 	/System/Library/PrivateFrameworks/CoreWiFi.framework/Versions/A/CoreWiFi
0x0000000004cc6000 	/System/Library/Frameworks/CoreBluetooth.framework/Versions/A/CoreBluetooth
0x0000000004cc6000 	/System/Library/PrivateFrameworks/ChunkingLibrary.framework/Versions/A/ChunkingLibrary
0x0000000004cc6000 	/System/Library/PrivateFrameworks/DebugSymbols.framework/Versions/A/DebugSymbols
0x0000000004cc6000 	/System/Library/PrivateFrameworks/CoreSymbolication.framework/Versions/A/CoreSymbolication
0x0000000004cc6000 	/System/Library/PrivateFrameworks/Symbolication.framework/Versions/A/Symbolication
0x0000000004cc6000 	/System/Library/PrivateFrameworks/SpeechRecognitionCore.framework/Versions/A/SpeechRecognitionCore
0x0000000103dc0000 	/Library/Java/JavaVirtualMachines/jdk1.8.0_111.jdk/Contents/Home/jre/lib/server/libjvm.dylib
0x0000000004cc6000 	/usr/lib/libstdc++.6.dylib
0x0000000104d65000 	/Library/Java/JavaVirtualMachines/jdk1.8.0_111.jdk/Contents/Home/jre/lib/libverify.dylib
0x0000000104d73000 	/Library/Java/JavaVirtualMachines/jdk1.8.0_111.jdk/Contents/Home/jre/lib/libjava.dylib
0x0000000104da9000 	/Library/Java/JavaVirtualMachines/jdk1.8.0_111.jdk/Contents/Home/jre/lib/libinstrument.dylib
0x0000000105208000 	/Library/Java/JavaVirtualMachines/jdk1.8.0_111.jdk/Contents/Home/jre/lib/libzip.dylib
0x0000000117fa3000 	/System/Library/Frameworks/JavaVM.framework/Frameworks/JavaRuntimeSupport.framework/JavaRuntimeSupport
0x0000000117fbe000 	/System/Library/Frameworks/JavaVM.framework/Versions/A/Frameworks/JavaNativeFoundation.framework/Versions/A/JavaNativeFoundation
0x0000000117fd3000 	/System/Library/Frameworks/JavaVM.framework/Versions/A/JavaVM
0x0000000004cc6000 	/System/Library/Frameworks/Carbon.framework/Versions/A/Carbon
0x0000000117fe0000 	/System/Library/PrivateFrameworks/JavaLaunching.framework/Versions/A/JavaLaunching
0x0000000004cc6000 	/System/Library/Frameworks/Carbon.framework/Versions/A/Frameworks/CommonPanels.framework/Versions/A/CommonPanels
0x0000000004cc6000 	/System/Library/Frameworks/Carbon.framework/Versions/A/Frameworks/Help.framework/Versions/A/Help
0x0000000004cc6000 	/System/Library/Frameworks/Carbon.framework/Versions/A/Frameworks/ImageCapture.framework/Versions/A/ImageCapture
0x0000000004cc6000 	/System/Library/Frameworks/Carbon.framework/Versions/A/Frameworks/OpenScripting.framework/Versions/A/OpenScripting
0x0000000004cc6000 	/System/Library/Frameworks/Carbon.framework/Versions/A/Frameworks/Print.framework/Versions/A/Print
0x0000000004cc6000 	/System/Library/Frameworks/Carbon.framework/Versions/A/Frameworks/SecurityHI.framework/Versions/A/SecurityHI
0x0000000119aa7000 	/Library/Java/JavaVirtualMachines/jdk1.8.0_111.jdk/Contents/Home/jre/lib/libnet.dylib
0x0000000119b9c000 	/Library/Java/JavaVirtualMachines/jdk1.8.0_111.jdk/Contents/Home/jre/lib/libprism_es2.dylib
0x0000000004cc6000 	/System/Library/Frameworks/OpenGL.framework/Versions/A/Resources/GLEngine.bundle/GLEngine
0x0000000004cc6000 	/System/Library/Frameworks/OpenGL.framework/Versions/A/Libraries/libGLProgrammability.dylib
0x0000000119c1e000 	/System/Library/Extensions/GeForceTeslaGLDriver.bundle/Contents/MacOS/GeForceTeslaGLDriver
0x000000011b7de000 	/System/Library/Extensions/GeForceTeslaGLDriver.bundle/Contents/MacOS/libclh.dylib
0x0000000004cc6000 	/System/Library/PrivateFrameworks/GPUSupport.framework/Versions/A/Libraries/libGPUSupport.dylib
0x0000000004cc6000 	/System/Library/Frameworks/OpenGL.framework/Versions/A/Resources/GLRendererFloat.bundle/GLRendererFloat
0x0000000004cc6000 	/System/Library/Frameworks/OpenCL.framework/Versions/A/Libraries/libcldcpuengine.dylib
0x0000000004cc6000 	/System/Library/PrivateFrameworks/DiskImages.framework/Versions/A/DiskImages
0x0000000004cc6000 	/System/Library/Frameworks/DiscRecording.framework/Versions/A/DiscRecording
0x0000000004cc6000 	/usr/lib/libcsfde.dylib
0x0000000004cc6000 	/usr/lib/libcurl.4.dylib
0x0000000004cc6000 	/System/Library/PrivateFrameworks/MediaKit.framework/Versions/A/MediaKit
0x0000000004cc6000 	/System/Library/PrivateFrameworks/ProtectedCloudStorage.framework/Versions/A/ProtectedCloudStorage
0x0000000004cc6000 	/usr/lib/libCoreStorage.dylib
0x0000000004cc6000 	/System/Library/PrivateFrameworks/EFILogin.framework/Versions/A/EFILogin
0x0000000004cc6000 	/usr/lib/libutil.dylib
0x0000000004cc6000 	/System/Library/PrivateFrameworks/FindMyDevice.framework/Versions/A/FindMyDevice
0x0000000004cc6000 	/System/Library/Frameworks/LDAP.framework/Versions/A/LDAP
0x0000000004cc6000 	/usr/lib/libsasl2.2.dylib
0x0000000004cc6000 	/System/Library/PrivateFrameworks/CoreDaemon.framework/Versions/B/CoreDaemon
0x0000000004cc6000 	/usr/lib/libcrypto.0.9.8.dylib
0x0000000004cc6000 	/System/Library/PrivateFrameworks/AppleSRP.framework/Versions/A/AppleSRP
0x0000000004cc6000 	/System/Library/PrivateFrameworks/TrustEvaluationAgent.framework/Versions/A/TrustEvaluationAgent
0x000000011c0d7000 	/Library/Java/JavaVirtualMachines/jdk1.8.0_111.jdk/Contents/Home/jre/lib/libglass.dylib
0x0000000004cc6000 	/System/Library/PrivateFrameworks/CoreServicesInternal.framework/Versions/A/CoreServicesInternal
0x0000000004cc6000 	/System/Library/CoreServices/RawCamera.bundle/Contents/MacOS/RawCamera
0x0000000004cc6000 	/System/Library/Frameworks/CoreGraphics.framework/Versions/A/Resources/libRIP.A.dylib
0x0000000004cc6000 	/System/Library/Frameworks/Accelerate.framework/Versions/A/Frameworks/vImage.framework/Versions/A/Libraries/libCGInterfaces.dylib
0x0000000004cc6000 	/System/Library/PrivateFrameworks/FamilyControls.framework/Versions/A/FamilyControls
0x0000000004cc6000 	/System/Library/PrivateFrameworks/CommerceKit.framework/Versions/A/Frameworks/CommerceCore.framework/Versions/A/CommerceCore
0x0000000004cc6000 	/System/Library/PrivateFrameworks/SystemAdministration.framework/Versions/A/SystemAdministration
0x0000000004cc6000 	/System/Library/PrivateFrameworks/AppContainer.framework/Versions/A/AppContainer
0x0000000004cc6000 	/System/Library/PrivateFrameworks/SecCodeWrapper.framework/Versions/A/SecCodeWrapper
0x0000000004cc6000 	/System/Library/Frameworks/DirectoryService.framework/Versions/A/DirectoryService
0x0000000004cc6000 	/System/Library/PrivateFrameworks/LoginUIKit.framework/Versions/A/Frameworks/LoginUICore.framework/Versions/A/LoginUICore
0x0000000004cc6000 	/usr/lib/libodfde.dylib
0x0000000004cc6000 	/System/Library/Frameworks/CoreGraphics.framework/Versions/A/Resources/libCGXType.A.dylib
0x000000011f9c2000 	cl_kernels
0x0000000004cc6000 	/System/Library/Frameworks/OpenCL.framework/Versions/A/Libraries/ImageFormats/unorm8_bgra.dylib
0x0000000004cc6000 	/System/Library/Frameworks/OpenCL.framework/Versions/A/Libraries/ImageFormats/unorm8_rgba.dylib
0x000000011fcc7000 	/Library/Java/JavaVirtualMachines/jdk1.8.0_111.jdk/Contents/Home/jre/lib/libosx.dylib
0x000000011fcd5000 	/Library/Java/JavaVirtualMachines/jdk1.8.0_111.jdk/Contents/Home/jre/lib/./libosxapp.dylib
0x0000000004cc6000 	/System/Library/Frameworks/ExceptionHandling.framework/Versions/A/ExceptionHandling
0x000000011fef1000 	/Library/Java/JavaVirtualMachines/jdk1.8.0_111.jdk/Contents/Home/jre/lib/libnio.dylib
0x000000011ff01000 	/private/var/folders/xm/xqg__v0s0l785tl2_j7dv_yr0000gn/T/jxbrowser-chromium-55.0.2883.87.6.14/data/Temp/libjxbrowser-common64-382518f1-f86c-4b38-b697-ee08a94a7876.dylib
0x000000011ff11000 	/var/folders/xm/xqg__v0s0l785tl2_j7dv_yr0000gn/T/jxbrowser-chromium-55.0.2883.87.6.14/jxbrowser-chromium.app/Contents/Frameworks/JxBrowser.framework/Libraries/libjxbrowser-chromium.dylib
0x0000000004cc6000 	/System/Library/Frameworks/Quartz.framework/Versions/A/Quartz
0x0000000004cc6000 	/System/Library/Frameworks/AVFoundation.framework/Versions/A/AVFoundation
0x0000000004cc6000 	/System/Library/Frameworks/CoreMedia.framework/Versions/A/CoreMedia
0x0000000004cc6000 	/System/Library/Frameworks/AddressBook.framework/Versions/A/AddressBook
0x0000000004cc6000 	/System/Library/Frameworks/ImageCaptureCore.framework/Versions/A/ImageCaptureCore
0x0000000004cc6000 	/System/Library/Frameworks/SecurityInterface.framework/Versions/A/SecurityInterface
0x000000012d632000 	/System/Library/Frameworks/CoreMIDI.framework/Versions/A/CoreMIDI
0x0000000004cc6000 	/usr/lib/libsandbox.1.dylib
0x000000012d692000 	/System/Library/Frameworks/GameController.framework/Versions/A/GameController
0x0000000004cc6000 	/System/Library/Frameworks/Quartz.framework/Versions/A/Frameworks/QuartzComposer.framework/Versions/A/QuartzComposer
0x0000000004cc6000 	/System/Library/Frameworks/Quartz.framework/Versions/A/Frameworks/PDFKit.framework/Versions/A/PDFKit
0x0000000004cc6000 	/System/Library/Frameworks/Quartz.framework/Versions/A/Frameworks/QuartzFilters.framework/Versions/A/QuartzFilters
0x0000000004cc6000 	/System/Library/Frameworks/Quartz.framework/Versions/A/Frameworks/ImageKit.framework/Versions/A/ImageKit
0x0000000004cc6000 	/System/Library/Frameworks/Quartz.framework/Versions/A/Frameworks/QuickLookUI.framework/Versions/A/QuickLookUI
0x0000000004cc6000 	/System/Library/Frameworks/JavaScriptCore.framework/Versions/A/JavaScriptCore
0x0000000004cc6000 	/System/Library/Frameworks/QTKit.framework/Versions/A/QTKit
0x0000000004cc6000 	/System/Library/PrivateFrameworks/AppleSystemInfo.framework/Versions/A/AppleSystemInfo
0x0000000004cc6000 	/System/Library/Frameworks/MediaToolbox.framework/Versions/A/MediaToolbox
0x0000000004cc6000 	/System/Library/Frameworks/VideoToolbox.framework/Versions/A/VideoToolbox
0x0000000004cc6000 	/System/Library/PrivateFrameworks/CoreMediaAuthoring.framework/Versions/A/CoreMediaAuthoring
0x0000000004cc6000 	/System/Library/Frameworks/CoreMediaIO.framework/Versions/A/CoreMediaIO
0x0000000004cc6000 	/System/Library/Frameworks/AVFoundation.framework/Versions/A/Resources/libAVFAudio.dylib
0x0000000004cc6000 	/usr/lib/libspindump.dylib
0x0000000004cc6000 	/System/Library/PrivateFrameworks/CoreAVCHD.framework/Versions/A/CoreAVCHD
0x0000000004cc6000 	/System/Library/Frameworks/MediaAccessibility.framework/Versions/A/MediaAccessibility
0x0000000004cc6000 	/System/Library/PrivateFrameworks/Mangrove.framework/Versions/A/Mangrove
0x0000000004cc6000 	/System/Library/PrivateFrameworks/CoreAUC.framework/Versions/A/CoreAUC
0x0000000004cc6000 	/System/Library/PrivateFrameworks/AppleVA.framework/Versions/A/AppleVA
0x0000000004cc6000 	/System/Library/PrivateFrameworks/XPCService.framework/Versions/A/XPCService
0x0000000004cc6000 	/System/Library/PrivateFrameworks/AppSandbox.framework/Versions/A/AppSandbox
0x0000000004cc6000 	/usr/lib/libMatch.1.dylib
0x0000000004cc6000 	/System/Library/PrivateFrameworks/CorePDF.framework/Versions/A/CorePDF
0x0000000004cc6000 	/System/Library/Frameworks/QuickLook.framework/Versions/A/QuickLook
0x0000000004cc6000 	/System/Library/PrivateFrameworks/DisplayServices.framework/Versions/A/DisplayServices
0x0000000004cc6000 	/System/Library/PrivateFrameworks/SafariServices.framework/Versions/A/SafariServices
0x0000000004cc6000 	/System/Library/PrivateFrameworks/ViewBridge.framework/Versions/A/ViewBridge
0x0000000004cc6000 	/System/Library/PrivateFrameworks/ContactsPersistence.framework/Versions/A/ContactsPersistence
0x0000000004cc6000 	/System/Library/PrivateFrameworks/ContactsFoundation.framework/Versions/A/ContactsFoundation
0x0000000004cc6000 	/System/Library/PrivateFrameworks/vCard.framework/Versions/A/vCard
0x0000000004cc6000 	/System/Library/PrivateFrameworks/IntlPreferences.framework/Versions/A/IntlPreferences
0x0000000004cc6000 	/System/Library/PrivateFrameworks/ToneLibrary.framework/Versions/A/ToneLibrary
0x0000000004cc6000 	/System/Library/PrivateFrameworks/ToneKit.framework/Versions/A/ToneKit
0x0000000004cc6000 	/System/Library/PrivateFrameworks/ApplePushService.framework/Versions/A/ApplePushService
0x0000000004cc6000 	/System/Library/PrivateFrameworks/PhoneNumbers.framework/Versions/A/PhoneNumbers
0x000000012d6b7000 	/usr/lib/libexpat.1.dylib
0x0000000004cc6000 	/System/Library/PrivateFrameworks/CloudDocs.framework/Versions/A/CloudDocs
0x0000000004cc6000 	/System/Library/PrivateFrameworks/CoreDuet.framework/Versions/A/CoreDuet
0x0000000004cc6000 	/System/Library/Frameworks/CloudKit.framework/Versions/A/CloudKit
0x0000000004cc6000 	/System/Library/PrivateFrameworks/ProtocolBuffer.framework/Versions/A/ProtocolBuffer
0x0000000004cc6000 	/System/Library/PrivateFrameworks/CoreDuetDaemonProtocol.framework/Versions/A/CoreDuetDaemonProtocol
0x0000000004cc6000 	/System/Library/PrivateFrameworks/CoreDuetDebugLogging.framework/Versions/A/CoreDuetDebugLogging
0x0000000004cc6000 	/System/Library/PrivateFrameworks/MMCS.framework/Versions/A/MMCS
0x0000000004cc6000 	/System/Library/Frameworks/CoreLocation.framework/Versions/A/CoreLocation
0x0000000004cc6000 	/System/Library/PrivateFrameworks/AssetCacheServices.framework/Versions/A/AssetCacheServices
0x0000000004cc6000 	/System/Library/PrivateFrameworks/GeoServices.framework/Versions/A/GeoServices
0x000000012f6bd000 	/System/Library/Extensions/AppleHDA.kext/Contents/PlugIns/AppleHDAHALPlugIn.bundle/Contents/MacOS/AppleHDAHALPlugIn
0x000000012f6c7000 	/System/Library/Frameworks/CoreMediaIO.framework/Resources/VDC.plugin/Contents/MacOS/VDC
0x000000012f7bb000 	/Library/Java/JavaVirtualMachines/jdk1.8.0_111.jdk/Contents/Home/jre/lib/libjavafx_font.dylib
0x0000000130c81000 	/Library/Java/JavaVirtualMachines/jdk1.8.0_111.jdk/Contents/Home/jre/lib/libprism_common.dylib
0x0000000133106000 	/Library/Java/JavaVirtualMachines/jdk1.8.0_111.jdk/Contents/Home/jre/lib/libjfxwebkit.dylib
0x0000000137c88000 	/System/Library/Components/CoreAudio.component/Contents/MacOS/CoreAudio
0x0000000137e4e000 	/System/Library/Frameworks/CoreMediaIO.framework/Resources/CMIOUnits.bundle/Contents/MacOS/CMIOUnits
0x0000000131c06000 	/System/Library/PrivateFrameworks/FWAVC.framework/Versions/A/FWAVC
0x0000000004cc6000 	/System/Library/PrivateFrameworks/AppleGVA.framework/Versions/A/AppleGVA

VM Arguments:
jvm_args: -Djava.security.policy=server.policy -javaagent:/Applications/IntelliJ IDEA.app/Contents/lib/idea_rt.jar=58359:/Applications/IntelliJ IDEA.app/Contents/bin -Dfile.encoding=UTF-8 
java_command: vista.Servidor
java_class_path (initial): /Library/Java/JavaVirtualMachines/jdk1.8.0_111.jdk/Contents/Home/jre/lib/charsets.jar:/Library/Java/JavaVirtualMachines/jdk1.8.0_111.jdk/Contents/Home/jre/lib/deploy.jar:/Library/Java/JavaVirtualMachines/jdk1.8.0_111.jdk/Contents/Home/jre/lib/ext/cldrdata.jar:/Library/Java/JavaVirtualMachines/jdk1.8.0_111.jdk/Contents/Home/jre/lib/ext/dnsns.jar:/Library/Java/JavaVirtualMachines/jdk1.8.0_111.jdk/Contents/Home/jre/lib/ext/jaccess.jar:/Library/Java/JavaVirtualMachines/jdk1.8.0_111.jdk/Contents/Home/jre/lib/ext/jfxrt.jar:/Library/Java/JavaVirtualMachines/jdk1.8.0_111.jdk/Contents/Home/jre/lib/ext/localedata.jar:/Library/Java/JavaVirtualMachines/jdk1.8.0_111.jdk/Contents/Home/jre/lib/ext/nashorn.jar:/Library/Java/JavaVirtualMachines/jdk1.8.0_111.jdk/Contents/Home/jre/lib/ext/sunec.jar:/Library/Java/JavaVirtualMachines/jdk1.8.0_111.jdk/Contents/Home/jre/lib/ext/sunjce_provider.jar:/Library/Java/JavaVirtualMachines/jdk1.8.0_111.jdk/Contents/Home/jre/lib/ext/sunpkcs11.jar:/Library/Java/JavaVirtualMachines/jdk1.8.0_111.jdk/Contents/Home/jre/lib/ext/zipfs.jar:/Library/Java/JavaVirtualMachines/jdk1.8.0_111.jdk/Contents/Home/jre/lib/javaws.jar:/Library/Java/JavaVirtualMachines/jdk1.8.0_111.jdk/Contents/Home/jre/lib/jce.jar:/Library/Java/JavaVirtualMachines/jdk1.8.0_111.jdk/Contents/Home/jre/lib/jfr.jar:/Library/Java/JavaVirtualMachines/jdk1.8.0_111.jdk/Contents/Home/jre/lib/jfxswt.jar:/Library/Java/JavaVirtualMachines/jdk1.8.0_111.jdk/Contents/Home/jre/lib/jsse.jar:/Library/Java/JavaVirtualMachines/jdk1.8.0_111.jdk/Contents/Home/jre/lib/management-agent.jar:/Library/Java/JavaVirtualMachines/jdk1.8.0_111.jdk/Contents/Home/jre/lib/plugin.jar:/Library/Java/JavaVirtualMachines/jdk1.8.0_111.jdk/Contents/Home/jre/lib/resources.jar:/Library/Java/JavaVirtualMachines/jdk1.8.0_111.jdk/Contents/Home/jre/lib/rt.jar:/Library/Java/JavaVirtualMachines/jdk1.8.0_111.jdk/Contents/Home/lib/ant-javafx.jar:/Library/Java/JavaVirtualMachines/jdk1.8.0_111.jdk/Contents/Home
Launcher Type: SUN_STANDARD

Environment Variables:
PATH=/Library/Frameworks/Python.framework/Versions/3.6/bin:/Applications/Android Studio.app/Contents/gradle/gradle-2.14.1/bin:/Applications/XAMPP/xamppfiles/bin:/Applications/Sublime Text.app/Contents/SharedSupport/bin:/usr/local/bin:/usr/bin:/bin:/usr/sbin:/sbin:/Library/Frameworks/Mono.framework/Versions/Current/Commands:/Applications/Wireshark.app/Contents/MacOS
SHELL=/bin/bash

Signal Handlers:
SIGSEGV: [libjvm.dylib+0x5b03ed], sa_mask[0]=11111111011111110111111111111111, sa_flags=SA_ONSTACK|SA_RESTART|SA_SIGINFO
SIGBUS: [libjvm.dylib+0x5b03ed], sa_mask[0]=11111111011111110111111111111111, sa_flags=SA_RESTART|SA_SIGINFO
SIGFPE: [libjvm.dylib+0x48711c], sa_mask[0]=11111111011111110111111111111111, sa_flags=SA_RESTART|SA_SIGINFO
SIGPIPE: [libjvm.dylib+0x48711c], sa_mask[0]=11111111011111110111111111111111, sa_flags=SA_RESTART|SA_SIGINFO
SIGXFSZ: [libjvm.dylib+0x48711c], sa_mask[0]=11111111011111110111111111111111, sa_flags=SA_RESTART|SA_SIGINFO
SIGILL: [libjvm.dylib+0x48711c], sa_mask[0]=11111111011111110111111111111111, sa_flags=SA_RESTART|SA_SIGINFO
SIGUSR1: SIG_DFL, sa_mask[0]=00000000000000000000000000000000, sa_flags=none
SIGUSR2: [libjvm.dylib+0x486c3a], sa_mask[0]=00100000000000000000000000000000, sa_flags=SA_RESTART|SA_SIGINFO
SIGHUP: [libjvm.dylib+0x485211], sa_mask[0]=11111111011111110111111111111111, sa_flags=SA_RESTART|SA_SIGINFO
SIGINT: [libjvm.dylib+0x485211], sa_mask[0]=11111111011111110111111111111111, sa_flags=SA_RESTART|SA_SIGINFO
SIGTERM: [libjvm.dylib+0x485211], sa_mask[0]=11111111011111110111111111111111, sa_flags=SA_RESTART|SA_SIGINFO
SIGQUIT: [libjvm.dylib+0x485211], sa_mask[0]=11111111011111110111111111111111, sa_flags=SA_RESTART|SA_SIGINFO


---------------  S Y S T E M  ---------------

OS:Bsduname:Darwin 15.6.0 Darwin Kernel Version 15.6.0: Mon Jan  9 23:07:29 PST 2017; root:xnu-3248.60.11.2.1~1/RELEASE_X86_64 x86_64
rlimit: STACK 8192k, CORE 0k, NPROC 709, NOFILE 10240, AS infinity
load average:8.71 6.73 9.94

CPU:total 2 (2 cores per cpu, 1 threads per core) family 6 model 15 stepping 11, cmov, cx8, fxsr, mmx, sse, sse2, sse3, ssse3, tsc

Memory: 4k page, physical 4194304k(20516k free)

/proc/meminfo:


vm_info: Java HotSpot(TM) 64-Bit Server VM (25.111-b14) for bsd-amd64 JRE (1.8.0_111-b14), built on Sep 22 2016 15:31:41 by "java_re" with gcc 4.2.1 (Based on Apple Inc. build 5658) (LLVM build 2336.11.00)

time: Mon Jun  5 17:53:21 2017
elapsed time: 124 seconds (0d 0h 2m 4s)

